0 info it worked if it ends with ok
1 verbose cli [ '/home/alex/.nvm/versions/node/v6.0.0/bin/node',
1 verbose cli   '/home/alex/.nvm/versions/node/v6.0.0/bin/npm',
1 verbose cli   'run',
1 verbose cli   'seed' ]
2 info using npm@3.8.6
3 info using node@v6.0.0
4 verbose run-script [ 'preseed', 'seed', 'postseed' ]
5 info lifecycle project_mimirs_market@1.0.0~preseed: project_mimirs_market@1.0.0
6 silly lifecycle project_mimirs_market@1.0.0~preseed: no script for preseed, continuing
7 info lifecycle project_mimirs_market@1.0.0~seed: project_mimirs_market@1.0.0
8 verbose lifecycle project_mimirs_market@1.0.0~seed: unsafe-perm in lifecycle true
9 verbose lifecycle project_mimirs_market@1.0.0~seed: PATH: /home/alex/.nvm/versions/node/v6.0.0/lib/node_modules/npm/bin/node-gyp-bin:/home/alex/vcs/assignments_course/Databases/project_mimirs_market/node_modules/.bin:/home/alex/.nvm/versions/node/v6.0.0/bin:/home/alex/bin:/home/alex/.nvm/versions/node/v6.0.0/bin:/usr/local/sbin:/usr/local/bin:/usr/sbin:/usr/bin:/sbin:/bin:/usr/games:/usr/local/games:/snap/bin:/snap/bin
10 verbose lifecycle project_mimirs_market@1.0.0~seed: CWD: /home/alex/vcs/assignments_course/Databases/project_mimirs_market
11 silly lifecycle project_mimirs_market@1.0.0~seed: Args: [ '-c',
11 silly lifecycle   'sequelize db:migrate:undo:all && sequelize db:migrate && sequelize db:seed:all' ]
12 silly lifecycle project_mimirs_market@1.0.0~seed: Returned: code: 1  signal: null
13 info lifecycle project_mimirs_market@1.0.0~seed: Failed to exec seed script
14 verbose stack Error: project_mimirs_market@1.0.0 seed: `sequelize db:migrate:undo:all && sequelize db:migrate && sequelize db:seed:all`
14 verbose stack Exit status 1
14 verbose stack     at EventEmitter.<anonymous> (/home/alex/.nvm/versions/node/v6.0.0/lib/node_modules/npm/lib/utils/lifecycle.js:239:16)
14 verbose stack     at emitTwo (events.js:106:13)
14 verbose stack     at EventEmitter.emit (events.js:191:7)
14 verbose stack     at ChildProcess.<anonymous> (/home/alex/.nvm/versions/node/v6.0.0/lib/node_modules/npm/lib/utils/spawn.js:24:14)
14 verbose stack     at emitTwo (events.js:106:13)
14 verbose stack     at ChildProcess.emit (events.js:191:7)
14 verbose stack     at maybeClose (internal/child_process.js:850:16)
14 verbose stack     at Process.ChildProcess._handle.onexit (internal/child_process.js:215:5)
15 verbose pkgid project_mimirs_market@1.0.0
16 verbose cwd /home/alex/vcs/assignments_course/Databases/project_mimirs_market
17 error Linux 4.10.0-30-generic
18 error argv "/home/alex/.nvm/versions/node/v6.0.0/bin/node" "/home/alex/.nvm/versions/node/v6.0.0/bin/npm" "run" "seed"
19 error node v6.0.0
20 error npm  v3.8.6
21 error code ELIFECYCLE
22 error project_mimirs_market@1.0.0 seed: `sequelize db:migrate:undo:all && sequelize db:migrate && sequelize db:seed:all`
22 error Exit status 1
23 error Failed at the project_mimirs_market@1.0.0 seed script 'sequelize db:migrate:undo:all && sequelize db:migrate && sequelize db:seed:all'.
23 error Make sure you have the latest version of node.js and npm installed.
23 error If you do, this is most likely a problem with the project_mimirs_market package,
23 error not with npm itself.
23 error Tell the author that this fails on your system:
23 error     sequelize db:migrate:undo:all && sequelize db:migrate && sequelize db:seed:all
23 error You can get information on how to open an issue for this project with:
23 error     npm bugs project_mimirs_market
23 error Or if that isn't available, you can get their info via:
23 error     npm owner ls project_mimirs_market
23 error There is likely additional logging output above.
24 verbose exit [ 1, true ]
